[debug] [2024-11-14T18:15:25.177Z] ----------------------------------------------------------------------
[debug] [2024-11-14T18:15:25.178Z] Command:       C:\Program Files\nodejs\node.exe C:\Users\MAISON INFO\AppData\Roaming\npm\node_modules\firebase-tools\lib\bin\firebase.js init
[debug] [2024-11-14T18:15:25.179Z] CLI Version:   13.25.0
[debug] [2024-11-14T18:15:25.179Z] Platform:      win32
[debug] [2024-11-14T18:15:25.179Z] Node Version:  v20.17.0
[debug] [2024-11-14T18:15:25.179Z] Time:          Thu Nov 14 2024 19:15:25 GMT+0100 (heure normale d’Europe centrale)
[debug] [2024-11-14T18:15:25.179Z] ----------------------------------------------------------------------
[debug] 
[debug] [2024-11-14T18:15:25.183Z] > command requires scopes: ["email","openid","https://www.googleapis.com/auth/cloudplatformprojects.readonly","https://www.googleapis.com/auth/firebase","https://www.googleapis.com/auth/cloud-platform"]
[debug] [2024-11-14T18:15:25.183Z] > authorizing via signed-in user (ahmed.meliane04@gmail.com)
[info] 
     ######## #### ########  ######## ########     ###     ######  ########
     ##        ##  ##     ## ##       ##     ##  ##   ##  ##       ##
     ######    ##  ########  ######   ########  #########  ######  ######
     ##        ##  ##    ##  ##       ##     ## ##     ##       ## ##
     ##       #### ##     ## ######## ########  ##     ##  ######  ########

You're about to initialize a Firebase project in this directory:

  C:\projet angular\red_crescent

Before we get started, keep in mind:

  * You are currently outside your home directory

[info] 
=== Project Setup
[info] 
[info] First, let's associate this project directory with a Firebase project.
[info] You can create multiple project aliases by running firebase use --add, 
[info] but for now we'll just set up a default project.
[info] 
[debug] [2024-11-14T18:15:57.292Z] Checked if tokens are valid: true, expires at: 1731611707796
[debug] [2024-11-14T18:15:57.293Z] Checked if tokens are valid: true, expires at: 1731611707796
[debug] [2024-11-14T18:15:57.294Z] >>> [apiv2][query] GET https://firebase.googleapis.com/v1beta1/projects pageSize=100
[debug] [2024-11-14T18:15:57.952Z] <<< [apiv2][status] GET https://firebase.googleapis.com/v1beta1/projects 200
[debug] [2024-11-14T18:15:57.953Z] <<< [apiv2][body] GET https://firebase.googleapis.com/v1beta1/projects [omitted]
[info] i  Using project red-cresent-web-site (red-cresent-web-site) 
[info] 
=== Dataconnect Setup
[debug] [2024-11-14T18:16:04.641Z] Checked if tokens are valid: true, expires at: 1731611707796
[debug] [2024-11-14T18:16:04.641Z] Checked if tokens are valid: true, expires at: 1731611707796
[debug] [2024-11-14T18:16:04.641Z] >>> [apiv2][query] GET https://cloudbilling.googleapis.com/v1/projects/red-cresent-web-site/billingInfo [none]
[debug] [2024-11-14T18:16:05.626Z] <<< [apiv2][status] GET https://cloudbilling.googleapis.com/v1/projects/red-cresent-web-site/billingInfo 200
[debug] [2024-11-14T18:16:05.626Z] <<< [apiv2][body] GET https://cloudbilling.googleapis.com/v1/projects/red-cresent-web-site/billingInfo {"name":"projects/red-cresent-web-site/billingInfo","projectId":"red-cresent-web-site","billingAccountName":"","billingEnabled":false}
[info] i  dataconnect: ensuring required API sqladmin.googleapis.com is enabled... 
[debug] [2024-11-14T18:16:05.628Z] Checked if tokens are valid: true, expires at: 1731611707796
[debug] [2024-11-14T18:16:05.628Z] Checked if tokens are valid: true, expires at: 1731611707796
[debug] [2024-11-14T18:16:05.628Z] >>> [apiv2][query] GET https://serviceusage.googleapis.com/v1/projects/red-cresent-web-site/services/sqladmin.googleapis.com [none]
[debug] [2024-11-14T18:16:05.628Z] >>> [apiv2][(partial)header] GET https://serviceusage.googleapis.com/v1/projects/red-cresent-web-site/services/sqladmin.googleapis.com x-goog-quota-user=projects/red-cresent-web-site
[debug] [2024-11-14T18:16:07.111Z] <<< [apiv2][status] GET https://serviceusage.googleapis.com/v1/projects/red-cresent-web-site/services/sqladmin.googleapis.com 200
[debug] [2024-11-14T18:16:07.111Z] <<< [apiv2][body] GET https://serviceusage.googleapis.com/v1/projects/red-cresent-web-site/services/sqladmin.googleapis.com [omitted]
[warn] !  dataconnect: missing required API sqladmin.googleapis.com. Enabling now... 
[debug] [2024-11-14T18:16:07.112Z] Checked if tokens are valid: true, expires at: 1731611707796
[debug] [2024-11-14T18:16:07.112Z] Checked if tokens are valid: true, expires at: 1731611707796
[debug] [2024-11-14T18:16:07.112Z] >>> [apiv2][query] POST https://serviceusage.googleapis.com/v1/projects/red-cresent-web-site/services/sqladmin.googleapis.com:enable [none]
[debug] [2024-11-14T18:16:07.112Z] >>> [apiv2][(partial)header] POST https://serviceusage.googleapis.com/v1/projects/red-cresent-web-site/services/sqladmin.googleapis.com:enable x-goog-quota-user=projects/red-cresent-web-site
[debug] [2024-11-14T18:16:07.785Z] <<< [apiv2][status] POST https://serviceusage.googleapis.com/v1/projects/red-cresent-web-site/services/sqladmin.googleapis.com:enable 200
[debug] [2024-11-14T18:16:07.786Z] <<< [apiv2][body] POST https://serviceusage.googleapis.com/v1/projects/red-cresent-web-site/services/sqladmin.googleapis.com:enable [omitted]
[debug] [2024-11-14T18:16:17.801Z] Checked if tokens are valid: true, expires at: 1731611707796
[debug] [2024-11-14T18:16:17.802Z] Checked if tokens are valid: true, expires at: 1731611707796
[debug] [2024-11-14T18:16:17.802Z] >>> [apiv2][query] GET https://serviceusage.googleapis.com/v1/projects/red-cresent-web-site/services/sqladmin.googleapis.com [none]
[debug] [2024-11-14T18:16:17.802Z] >>> [apiv2][(partial)header] GET https://serviceusage.googleapis.com/v1/projects/red-cresent-web-site/services/sqladmin.googleapis.com x-goog-quota-user=projects/red-cresent-web-site
[debug] [2024-11-14T18:16:18.827Z] <<< [apiv2][status] GET https://serviceusage.googleapis.com/v1/projects/red-cresent-web-site/services/sqladmin.googleapis.com 200
[debug] [2024-11-14T18:16:18.827Z] <<< [apiv2][body] GET https://serviceusage.googleapis.com/v1/projects/red-cresent-web-site/services/sqladmin.googleapis.com [omitted]
[info] +  dataconnect: required API sqladmin.googleapis.com is enabled 
[info] +  Wrote dataconnect\dataconnect.yaml 
[info] +  Wrote dataconnect\schema\schema.gql 
[info] +  Wrote dataconnect\connector\connector.yaml 
[info] +  Wrote dataconnect\connector\queries.gql 
[info] +  Wrote dataconnect\connector\mutations.gql 
[info] +  Detected WEB app in directory C:\projet angular\red_crescent 
[info] i  Wrote new config to C:\projet angular\red_crescent\dataconnect\connector/connector.yaml 
[info] i  dataconnect: downloading dataconnect-emulator-1.7.0.exe... {"metadata":{"emulator":{"name":"dataconnect"},"message":"downloading dataconnect-emulator-1.7.0.exe..."}}
[debug] [2024-11-14T18:16:27.844Z] >>> [apiv2][query] GET https://storage.googleapis.com/firemat-preview-drop/emulator/dataconnect-emulator-windows-v1.7.0 
[debug] [2024-11-14T18:16:28.310Z] <<< [apiv2][status] GET https://storage.googleapis.com/firemat-preview-drop/emulator/dataconnect-emulator-windows-v1.7.0 200
[debug] [2024-11-14T18:16:28.310Z] <<< [apiv2][body] GET https://storage.googleapis.com/firemat-preview-drop/emulator/dataconnect-emulator-windows-v1.7.0 [stream]
[info] I1114 19:16:52.279026    1316 codegen.go:82] [connector "default" javascriptSdk] Generating sources into "C:\\projet angular\\red_crescent\\dataconnect-generated\\js\\default-connector"
I1114 19:16:52.317317    1316 generate.go:40] Generated all sources. Writing them to disk...
I1114 19:16:52.321037    1316 collector.go:107] connector "default" javascriptSdk wrote into "C:\\projet angular\\red_crescent\\dataconnect-generated\\js\\default-connector"
Generated sources: index.d.ts [264B] esm\index.esm.js [185B] esm\package.json [17B] index.cjs.js [226B] package.json [623B] 
I1114 19:16:52.335547    1316 installsdk.go:76] Running command: C:\Program Files\nodejs\npm.cmd install file:dataconnect-generated\js\default-connector

[info] i  Generated SDK code for default 
[info] +  If you'd like to add more generated SDKs to your app your later, run firebase init dataconnect:sdk again 
[info] i  If you'd like to provision a CloudSQL Postgres instance on the Firebase Data Connect no-cost trial:
1. Please upgrade to the pay-as-you-go (Blaze) billing plan. Visit the following page:
     https://console.firebase.google.com/project/red-cresent-web-site/usage/details
2. Run firebase init dataconnect again to configure the Cloud SQL instance.
3. Run firebase deploy --only dataconnect to deploy your Data Connect service. 
[info] 
=== Firestore Setup
[debug] [2024-11-14T18:16:55.087Z] Checked if tokens are valid: true, expires at: 1731611707796
[debug] [2024-11-14T18:16:55.087Z] Checked if tokens are valid: true, expires at: 1731611707796
[debug] [2024-11-14T18:16:55.087Z] >>> [apiv2][query] GET https://serviceusage.googleapis.com/v1/projects/red-cresent-web-site/services/firestore.googleapis.com [none]
[debug] [2024-11-14T18:16:55.087Z] >>> [apiv2][(partial)header] GET https://serviceusage.googleapis.com/v1/projects/red-cresent-web-site/services/firestore.googleapis.com x-goog-quota-user=projects/red-cresent-web-site
[debug] [2024-11-14T18:16:56.045Z] <<< [apiv2][status] GET https://serviceusage.googleapis.com/v1/projects/red-cresent-web-site/services/firestore.googleapis.com 200
[debug] [2024-11-14T18:16:56.046Z] <<< [apiv2][body] GET https://serviceusage.googleapis.com/v1/projects/red-cresent-web-site/services/firestore.googleapis.com [omitted]
[debug] [2024-11-14T18:16:56.046Z] Checked if tokens are valid: true, expires at: 1731611707796
[debug] [2024-11-14T18:16:56.046Z] Checked if tokens are valid: true, expires at: 1731611707796
[debug] [2024-11-14T18:16:56.046Z] >>> [apiv2][query] GET https://firestore.googleapis.com/v1/projects/red-cresent-web-site/databases/(default) [none]
[debug] [2024-11-14T18:16:56.435Z] <<< [apiv2][status] GET https://firestore.googleapis.com/v1/projects/red-cresent-web-site/databases/(default) 200
[debug] [2024-11-14T18:16:56.435Z] <<< [apiv2][body] GET https://firestore.googleapis.com/v1/projects/red-cresent-web-site/databases/(default) {"name":"projects/red-cresent-web-site/databases/(default)","uid":"7ccaaace-8e65-47ae-b30e-fdbb36dd76a4","createTime":"2024-10-03T15:49:33.815822Z","updateTime":"2024-10-03T15:49:33.815822Z","locationId":"eur3","type":"FIRESTORE_NATIVE","concurrencyMode":"PESSIMISTIC","versionRetentionPeriod":"3600s","earliestVersionTime":"2024-11-14T17:16:57.195936Z","appEngineIntegrationMode":"DISABLED","keyPrefix":"e","pointInTimeRecoveryEnablement":"POINT_IN_TIME_RECOVERY_DISABLED","deleteProtectionState":"DELETE_PROTECTION_DISABLED","etag":"IJOntKW33IkDMOzg9JvO8ogD"}
[debug] [2024-11-14T18:16:56.435Z] database_type: FIRESTORE_NATIVE
[debug] [2024-11-14T18:16:56.435Z] database_type: FIRESTORE_NATIVE
[debug] [2024-11-14T18:16:56.435Z] > command requires scopes: ["email","openid","https://www.googleapis.com/auth/cloudplatformprojects.readonly","https://www.googleapis.com/auth/firebase","https://www.googleapis.com/auth/cloud-platform"]
[debug] [2024-11-14T18:16:56.436Z] > authorizing via signed-in user (ahmed.meliane04@gmail.com)
[debug] [2024-11-14T18:16:56.436Z] [iam] checking project red-cresent-web-site for permissions ["firebase.projects.get"]
[debug] [2024-11-14T18:16:56.436Z] Checked if tokens are valid: true, expires at: 1731611707796
[debug] [2024-11-14T18:16:56.436Z] Checked if tokens are valid: true, expires at: 1731611707796
[debug] [2024-11-14T18:16:56.436Z] >>> [apiv2][query] POST https://cloudresourcemanager.googleapis.com/v1/projects/red-cresent-web-site:testIamPermissions [none]
[debug] [2024-11-14T18:16:56.436Z] >>> [apiv2][(partial)header] POST https://cloudresourcemanager.googleapis.com/v1/projects/red-cresent-web-site:testIamPermissions x-goog-quota-user=projects/red-cresent-web-site
[debug] [2024-11-14T18:16:56.436Z] >>> [apiv2][body] POST https://cloudresourcemanager.googleapis.com/v1/projects/red-cresent-web-site:testIamPermissions {"permissions":["firebase.projects.get"]}
[debug] [2024-11-14T18:16:57.349Z] <<< [apiv2][status] POST https://cloudresourcemanager.googleapis.com/v1/projects/red-cresent-web-site:testIamPermissions 200
[debug] [2024-11-14T18:16:57.349Z] <<< [apiv2][body] POST https://cloudresourcemanager.googleapis.com/v1/projects/red-cresent-web-site:testIamPermissions {"permissions":["firebase.projects.get"]}
[info] 
[info] Firestore Security Rules allow you to define how and when to allow
[info] requests. You can keep these rules in your project directory
[info] and publish them with firebase deploy.
[info] 
[debug] [2024-11-14T18:17:03.570Z] Checked if tokens are valid: true, expires at: 1731611707796
[debug] [2024-11-14T18:17:03.570Z] Checked if tokens are valid: true, expires at: 1731611707796
[debug] [2024-11-14T18:17:03.570Z] >>> [apiv2][query] GET https://firebaserules.googleapis.com/v1/projects/red-cresent-web-site/releases pageSize=10&pageToken=
[debug] [2024-11-14T18:17:04.508Z] <<< [apiv2][status] GET https://firebaserules.googleapis.com/v1/projects/red-cresent-web-site/releases 200
[debug] [2024-11-14T18:17:04.509Z] <<< [apiv2][body] GET https://firebaserules.googleapis.com/v1/projects/red-cresent-web-site/releases {"releases":[{"name":"projects/red-cresent-web-site/releases/cloud.firestore","rulesetName":"projects/red-cresent-web-site/rulesets/f4303c0d-2a46-4cbd-917a-a5dd5e9dbe10","createTime":"2024-10-03T15:49:39.760925Z","updateTime":"2024-11-03T10:34:22.304105Z"},{"name":"projects/red-cresent-web-site/releases/firebase.storage/red-cresent-web-site.appspot.com","rulesetName":"projects/red-cresent-web-site/rulesets/479ff76e-0e49-46a9-8065-06062b2ccb16","createTime":"2024-10-03T16:24:30.703889Z","updateTime":"2024-10-05T00:39:19.754072Z"}]}
[debug] [2024-11-14T18:17:04.509Z] Found ruleset: projects/red-cresent-web-site/rulesets/f4303c0d-2a46-4cbd-917a-a5dd5e9dbe10
[debug] [2024-11-14T18:17:04.510Z] Checked if tokens are valid: true, expires at: 1731611707796
[debug] [2024-11-14T18:17:04.510Z] Checked if tokens are valid: true, expires at: 1731611707796
[debug] [2024-11-14T18:17:04.510Z] >>> [apiv2][query] GET https://firebaserules.googleapis.com/v1/projects/red-cresent-web-site/rulesets/f4303c0d-2a46-4cbd-917a-a5dd5e9dbe10 [none]
[debug] [2024-11-14T18:17:05.232Z] <<< [apiv2][status] GET https://firebaserules.googleapis.com/v1/projects/red-cresent-web-site/rulesets/f4303c0d-2a46-4cbd-917a-a5dd5e9dbe10 200
[debug] [2024-11-14T18:17:05.232Z] <<< [apiv2][body] GET https://firebaserules.googleapis.com/v1/projects/red-cresent-web-site/rulesets/f4303c0d-2a46-4cbd-917a-a5dd5e9dbe10 [omitted]
[info] 
[info] Firestore indexes allow you to perform complex queries while
[info] maintaining performance that scales with the size of the result
[info] set. You can keep index definitions in your project directory
[info] and publish them with firebase deploy.
[info] 
[debug] [2024-11-14T18:17:07.578Z] Checked if tokens are valid: true, expires at: 1731611707796
[debug] [2024-11-14T18:17:07.579Z] Checked if tokens are valid: true, expires at: 1731611707796
[debug] [2024-11-14T18:17:07.579Z] Checked if tokens are valid: true, expires at: 1731611707796
[debug] [2024-11-14T18:17:07.579Z] Checked if tokens are valid: true, expires at: 1731611707796
[debug] [2024-11-14T18:17:07.579Z] >>> [apiv2][query] GET https://firestore.googleapis.com/v1/projects/red-cresent-web-site/databases/(default)/collectionGroups/-/indexes [none]
[debug] [2024-11-14T18:17:07.580Z] >>> [apiv2][query] GET https://firestore.googleapis.com/v1/projects/red-cresent-web-site/databases/(default)/collectionGroups/-/fields?filter=indexConfig.usesAncestorConfig=false OR ttlConfig:* [none]
[debug] [2024-11-14T18:17:07.947Z] <<< [apiv2][status] GET https://firestore.googleapis.com/v1/projects/red-cresent-web-site/databases/(default)/collectionGroups/-/indexes 200
[debug] [2024-11-14T18:17:07.947Z] <<< [apiv2][body] GET https://firestore.googleapis.com/v1/projects/red-cresent-web-site/databases/(default)/collectionGroups/-/indexes {}
[debug] [2024-11-14T18:17:07.987Z] <<< [apiv2][status] GET https://firestore.googleapis.com/v1/projects/red-cresent-web-site/databases/(default)/collectionGroups/-/fields?filter=indexConfig.usesAncestorConfig=false OR ttlConfig:* 200
[debug] [2024-11-14T18:17:07.988Z] <<< [apiv2][body] GET https://firestore.googleapis.com/v1/projects/red-cresent-web-site/databases/(default)/collectionGroups/-/fields?filter=indexConfig.usesAncestorConfig=false OR ttlConfig:* {"fields":[{"name":"projects/red-cresent-web-site/databases/(default)/collectionGroups/__default__/fields/*","indexConfig":{"indexes":[{"queryScope":"COLLECTION","fields":[{"fieldPath":"*","order":"ASCENDING"}],"state":"READY"},{"queryScope":"COLLECTION","fields":[{"fieldPath":"*","order":"DESCENDING"}],"state":"READY"},{"queryScope":"COLLECTION","fields":[{"fieldPath":"*","arrayConfig":"CONTAINS"}],"state":"READY"}]}}]}
[info] 
=== Genkit Setup
[debug] [2024-11-14T18:17:08.192Z] Error: spawnSync npm ENOENT
    at Object.spawnSync (node:internal/child_process:1124:20)
    at spawnSync (node:child_process:877:24)
    at execFileSync (node:child_process:920:15)
    at getGenkitVersion (C:\Users\MAISON INFO\AppData\Roaming\npm\node_modules\firebase-tools\lib\init\features\genkit\index.js:29:58)
    at doSetup (C:\Users\MAISON INFO\AppData\Roaming\npm\node_modules\firebase-tools\lib\init\features\genkit\index.js:56:30)
    at init (C:\Users\MAISON INFO\AppData\Roaming\npm\node_modules\firebase-tools\lib\init\index.js:41:15)
    at init (C:\Users\MAISON INFO\AppData\Roaming\npm\node_modules\firebase-tools\lib\init\index.js:42:16)
    at process.processTicksAndRejections (node:internal/process/task_queues:95:5)
[error] 
[error] Error: An unexpected error has occurred.
